\BOOKMARK [1][-]{section.1}{\376\377\000I\000n\000t\000r\000o\000d\000u\000z\000i\000o\000n\000e}{}% 1
\BOOKMARK [2][-]{subsection.1.1}{\376\377\000S\000c\000o\000p\000o\000\040\000d\000e\000l\000\040\000d\000o\000c\000u\000m\000e\000n\000t\000o}{section.1}% 2
\BOOKMARK [2][-]{subsection.1.2}{\376\377\000S\000c\000o\000p\000o\000\040\000d\000e\000l\000\040\000p\000r\000o\000d\000o\000t\000t\000o}{section.1}% 3
\BOOKMARK [2][-]{subsection.1.3}{\376\377\000R\000i\000f\000e\000r\000i\000m\000e\000n\000t\000i}{section.1}% 4
\BOOKMARK [3][-]{subsubsection.1.3.1}{\376\377\000R\000i\000f\000e\000r\000i\000m\000e\000n\000t\000i\000\040\000n\000o\000r\000m\000a\000t\000i\000v\000i}{subsection.1.3}% 5
\BOOKMARK [3][-]{subsubsection.1.3.2}{\376\377\000R\000i\000f\000e\000r\000i\000m\000e\000n\000t\000i\000\040\000i\000n\000f\000o\000r\000m\000a\000t\000i\000v\000i}{subsection.1.3}% 6
\BOOKMARK [1][-]{section.2}{\376\377\000D\000e\000s\000c\000r\000i\000z\000i\000o\000n\000e}{}% 7
\BOOKMARK [2][-]{subsection.2.1}{\376\377\000O\000b\000i\000e\000t\000t\000i\000v\000i\000\040\000d\000e\000l\000\040\000p\000r\000o\000d\000o\000t\000t\000o}{section.2}% 8
\BOOKMARK [2][-]{subsection.2.2}{\376\377\000F\000u\000n\000z\000i\000o\000n\000a\000l\000i\000t\000\340\000\040\000d\000e\000l\000\040\000p\000r\000o\000d\000o\000t\000t\000o}{section.2}% 9
\BOOKMARK [1][-]{section.3}{\376\377\000C\000a\000s\000i\000\040\000d\000'\000u\000s\000o}{}% 10
\BOOKMARK [2][-]{subsection.3.1}{\376\377\000A\000t\000t\000o\000r\000i}{section.3}% 11
\BOOKMARK [2][-]{subsection.3.2}{\376\377\000U\000C\0001\000\040\000-\000\040\000R\000e\000g\000i\000s\000t\000r\000a\000z\000i\000o\000n\000e\000\040\000u\000t\000e\000n\000t\000e\000\040\000b\000a\000s\000e}{section.3}% 12
\BOOKMARK [2][-]{subsection.3.3}{\376\377\000U\000C\0002\000\040\000-\000\040\000R\000e\000g\000i\000s\000t\000r\000a\000z\000i\000o\000n\000e\000\040\000c\000o\000m\000e\000\040\000a\000m\000m\000i\000n\000i\000s\000t\000r\000a\000t\000o\000r\000e}{section.3}% 13
\BOOKMARK [3][-]{subsubsection.3.3.1}{\376\377\000U\000C\0002\000.\0001\000\040\000-\000\040\000I\000n\000s\000e\000r\000i\000m\000e\000n\000t\000o\000\040\000i\000n\000f\000o\000r\000m\000a\000z\000i\000o\000n\000i\000\040\000r\000i\000s\000t\000o\000r\000a\000n\000t\000e\000\040\000a\000m\000m\000i\000n\000i\000s\000t\000r\000a\000t\000o\000r\000e}{subsection.3.3}% 14
\BOOKMARK [2][-]{subsection.3.4}{\376\377\000U\000C\0003\000\040\000-\000\040\000O\000r\000d\000i\000n\000a\000z\000i\000o\000n\000e\000\040\000c\000o\000l\000l\000a\000b\000o\000r\000a\000t\000i\000v\000a}{section.3}% 15
\BOOKMARK [3][-]{subsubsection.3.4.1}{\376\377\000U\000C\0003\000.\0001\000\040\000-\000\040\000O\000r\000d\000i\000n\000a\000z\000i\000o\000n\000e\000\040\000p\000i\000a\000t\000t\000o}{subsection.3.4}% 16
\BOOKMARK [2][-]{subsection.3.5}{\376\377\000U\000C\0004\000\040\000-\000\040\000I\000n\000t\000e\000r\000a\000z\000i\000o\000n\000e\000\040\000c\000o\000n\000\040\000l\000o\000\040\000s\000t\000a\000f\000f}{section.3}% 17
\BOOKMARK [3][-]{subsubsection.3.5.1}{\376\377\000U\000C\0004\000.\0001\000\040\000-\000\040\000C\000h\000a\000t\000\040\000b\000i\000d\000i\000r\000e\000z\000i\000o\000n\000a\000l\000e\000\040\000c\000o\000n\000\040\000l\000'\000a\000m\000m\000i\000n\000i\000s\000t\000r\000a\000t\000o\000r\000e}{subsection.3.5}% 18
\BOOKMARK [3][-]{subsubsection.3.5.2}{\376\377\000U\000C\0004\000.\0002\000\040\000-\000\040\000N\000o\000t\000i\000f\000i\000c\000a\000\040\000d\000e\000i\000\040\000m\000e\000s\000s\000a\000g\000g\000i}{subsection.3.5}% 19
\BOOKMARK [2][-]{subsection.3.6}{\376\377\000U\000C\0005\000\040\000-\000\040\000P\000a\000g\000a\000m\000e\000n\000t\000o\000\040\000c\000o\000n\000t\000o}{section.3}% 20
\BOOKMARK [3][-]{subsubsection.3.6.1}{\376\377\000U\000C\0005\000.\0001\000\040\000-\000\040\000D\000i\000v\000i\000s\000i\000o\000n\000e\000\040\000e\000q\000u\000a}{subsection.3.6}% 21
\BOOKMARK [3][-]{subsubsection.3.6.2}{\376\377\000U\000C\0005\000.\0002\000\040\000-\000\040\000D\000i\000v\000i\000s\000i\000o\000n\000e\000\040\000p\000r\000o\000p\000o\000r\000z\000i\000o\000n\000a\000l\000e}{subsection.3.6}% 22
\BOOKMARK [3][-]{subsubsection.3.6.3}{\376\377\000U\000C\0005\000.\0003\000\040\000-\000\040\000P\000a\000g\000a\000m\000e\000n\000t\000o\000\040\000t\000o\000t\000a\000l\000e}{subsection.3.6}% 23
\BOOKMARK [2][-]{subsection.3.7}{\376\377\000U\000C\0006\000\040\000-\000\040\000C\000o\000n\000s\000u\000l\000t\000a\000z\000i\000o\000n\000e\000\040\000d\000i\000\040\000u\000n\000a\000\040\000p\000r\000e\000n\000o\000t\000a\000z\000i\000o\000n\000e\000\040\000d\000a\000\040\000p\000a\000r\000t\000e\000\040\000d\000e\000l\000l\000'\000a\000m\000m\000i\000n\000i\000s\000t\000r\000a\000t\000o\000r\000e}{section.3}% 24
\BOOKMARK [3][-]{subsubsection.3.7.1}{\376\377\000U\000C\0006\000.\0001\000\040\000-\000\040\000C\000o\000n\000s\000u\000l\000t\000a\000z\000i\000o\000n\000e\000\040\000d\000e\000g\000l\000i\000\040\000i\000n\000g\000r\000e\000d\000i\000e\000n\000t\000i}{subsection.3.7}% 25
\BOOKMARK [3][-]{subsubsection.3.7.2}{\376\377\000U\000C\0006\000.\0002\000\040\000-\000\040\000C\000o\000n\000s\000u\000l\000t\000a\000z\000i\000o\000n\000e\000\040\000d\000e\000l\000l\000e\000\040\000o\000r\000d\000i\000n\000a\000z\000i\000o\000n\000i}{subsection.3.7}% 26
\BOOKMARK [2][-]{subsection.3.8}{\376\377\000U\000C\0007\000\040\000-\000\040\000I\000n\000s\000e\000r\000i\000m\000e\000n\000t\000o\000\040\000r\000e\000c\000e\000n\000s\000i\000o\000n\000e}{section.3}% 27
\BOOKMARK [2][-]{subsection.3.9}{\376\377\000U\000C\0008\000\040\000-\000\040\000V\000i\000s\000u\000a\000l\000i\000z\000z\000a\000z\000i\000o\000n\000i\000\040\000o\000r\000d\000i\000n\000i\000\040\000t\000a\000v\000o\000l\000o\000\040\000\050\000u\000t\000e\000n\000t\000e\000\051}{section.3}% 28
\BOOKMARK [3][-]{subsubsection.3.9.1}{\376\377\000U\000C\0008\000.\0001\000\040\000-\000\040\000V\000i\000s\000u\000a\000l\000i\000z\000z\000a\000z\000i\000o\000n\000e\000\040\000d\000e\000t\000t\000a\000g\000l\000i\000\040\000o\000r\000d\000i\000n\000e}{subsection.3.9}% 29
\BOOKMARK [2][-]{subsection.3.10}{\376\377\000U\000C\0009\000\040\000-\000\040\000M\000o\000d\000i\000f\000i\000c\000a\000\040\000d\000e\000l\000\040\000p\000r\000o\000p\000r\000i\000o\000\040\000o\000r\000d\000i\000n\000e}{section.3}% 30
\BOOKMARK [2][-]{subsection.3.11}{\376\377\000U\000C\0001\0000\000\040\000-\000\040\000R\000i\000m\000o\000z\000i\000o\000n\000e\000\040\000d\000e\000l\000l\000a\000\040\000r\000e\000c\000e\000n\000s\000i\000o\000n\000e\000\040\000r\000i\000l\000a\000s\000c\000i\000a\000t\000a}{section.3}% 31
\BOOKMARK [2][-]{subsection.3.12}{\376\377\000U\000C\0001\0001\000\040\000-\000\040\000V\000i\000s\000u\000a\000l\000i\000z\000z\000a\000z\000i\000o\000n\000e\000\040\000d\000e\000l\000\040\000m\000e\000n\000u\000'\000\040\000r\000i\000s\000t\000o\000r\000a\000n\000t\000e}{section.3}% 32
\BOOKMARK [3][-]{subsubsection.3.12.1}{\376\377\000U\000C\0001\0001\000.\0001\000\040\000-\000\040\000V\000i\000s\000u\000a\000l\000i\000z\000z\000a\000z\000i\000o\000n\000e\000\040\000d\000e\000l\000\040\000p\000i\000a\000t\000t\000o\000\040\000a\000l\000l\000'\000i\000n\000t\000e\000r\000n\000o\000\040\000d\000e\000l\000\040\000m\000e\000n\000u\000'}{subsection.3.12}% 33
\BOOKMARK [2][-]{subsection.3.13}{\376\377\000U\000C\0001\0002\000\040\000-\000\040\000L\000o\000g\000i\000n}{section.3}% 34
\BOOKMARK [3][-]{subsubsection.3.13.1}{\376\377\000U\000C\0001\0002\000.\0001\000\040\000-\000\040\000I\000n\000s\000e\000r\000i\000m\000e\000n\000t\000o\000\040\000e\000m\000a\000i\000l}{subsection.3.13}% 35
\BOOKMARK [3][-]{subsubsection.3.13.2}{\376\377\000U\000C\0001\0002\000.\0002\000\040\000-\000\040\000I\000n\000s\000e\000r\000i\000m\000e\000n\000t\000o\000\040\000p\000a\000s\000s\000w\000o\000r\000d}{subsection.3.13}% 36
\BOOKMARK [2][-]{subsection.3.14}{\376\377\000U\000C\0001\0003\000\040\000-\000\040\000A\000n\000n\000u\000l\000l\000a\000m\000e\000n\000t\000o\000\040\000p\000r\000e\000n\000o\000t\000a\000z\000i\000o\000n\000e\000\040\000d\000e\000l\000\040\000t\000a\000v\000o\000l\000o}{section.3}% 37
\BOOKMARK [2][-]{subsection.3.15}{\376\377\000U\000C\0001\0004\000\040\000-\000\040\000M\000o\000d\000i\000f\000i\000c\000a\000\040\000i\000n\000f\000o\000r\000m\000a\000z\000i\000o\000n\000i\000\040\000r\000i\000s\000t\000o\000r\000a\000n\000t\000e}{section.3}% 38
\BOOKMARK [2][-]{subsection.3.16}{\376\377\000U\000C\0001\0005\000\040\000-\000\040\000V\000i\000s\000u\000a\000l\000i\000z\000z\000a\000z\000i\000o\000n\000e\000\040\000l\000i\000s\000t\000a\000\040\000p\000r\000e\000n\000o\000t\000a\000z\000i\000o\000n\000i\000\040\000\050\000a\000m\000m\000i\000n\000i\000s\000t\000r\000a\000t\000o\000r\000e\000\051}{section.3}% 39
\BOOKMARK [3][-]{subsubsection.3.16.1}{\376\377\000U\000C\0001\0005\000.\0001\000\040\000-\000\040\000V\000i\000s\000u\000a\000l\000i\000z\000z\000a\000z\000i\000o\000n\000e\000\040\000l\000i\000s\000t\000a\000\040\000i\000n\000g\000r\000e\000d\000i\000e\000n\000t\000i\000\040\000g\000i\000o\000r\000n\000a\000l\000i\000e\000r\000i}{subsection.3.16}% 40
\BOOKMARK [3][-]{subsubsection.3.16.2}{\376\377\000U\000C\0001\0005\000.\0002\000\040\000-\000\040\000V\000i\000s\000u\000a\000l\000i\000z\000z\000a\000z\000i\000o\000n\000e\000\040\000d\000e\000t\000t\000a\000g\000l\000i\000\040\000p\000r\000e\000n\000o\000t\000a\000z\000i\000o\000n\000e}{subsection.3.16}% 41
\BOOKMARK [2][-]{subsection.3.17}{\376\377\000U\000C\0001\0006\000\040\000-\000\040\000R\000e\000c\000u\000p\000e\000r\000o\000\040\000p\000a\000s\000s\000w\000o\000r\000d}{section.3}% 42
\BOOKMARK [2][-]{subsection.3.18}{\376\377\000U\000C\0001\0007\000\040\000-\000\040\000V\000i\000s\000u\000a\000l\000i\000z\000z\000a\000z\000i\000o\000n\000e\000\040\000l\000i\000s\000t\000a\000\040\000p\000r\000e\000n\000o\000t\000a\000z\000i\000o\000n\000i\000\040\000\050\000u\000t\000e\000n\000t\000e\000\040\000b\000a\000s\000e\000\051}{section.3}% 43
\BOOKMARK [3][-]{subsubsection.3.18.1}{\376\377\000U\000C\0001\0007\000.\0001\000\040\000-\000\040\000V\000i\000s\000u\000a\000l\000i\000z\000z\000a\000z\000i\000o\000n\000e\000\040\000p\000r\000e\000n\000o\000t\000a\000z\000i\000o\000n\000e}{subsection.3.18}% 44
\BOOKMARK [2][-]{subsection.3.19}{\376\377\000U\000C\0001\0008\000\040\000-\000\040\000A\000p\000p\000l\000i\000c\000a\000z\000i\000o\000n\000e\000\040\000c\000o\000u\000p\000o\000n\000\040\000a\000l\000\040\000c\000o\000n\000t\000o}{section.3}% 45
\BOOKMARK [2][-]{subsection.3.20}{\376\377\000U\000C\0001\0009\000\040\000-\000\040\000A\000c\000c\000e\000t\000t\000a\000z\000i\000o\000n\000e\000\040\000r\000i\000c\000h\000i\000e\000s\000t\000a\000\040\000p\000r\000e\000n\000o\000t\000a\000z\000i\000o\000n\000e}{section.3}% 46
\BOOKMARK [2][-]{subsection.3.21}{\376\377\000U\000C\0002\0000\000\040\000-\000\040\000R\000i\000f\000i\000u\000t\000o\000\040\000r\000i\000c\000h\000i\000e\000s\000t\000a\000\040\000p\000r\000e\000n\000o\000t\000a\000z\000i\000o\000n\000e}{section.3}% 47
\BOOKMARK [2][-]{subsection.3.22}{\376\377\000U\000C\0002\0001\000\040\000-\000\040\000V\000i\000s\000u\000a\000l\000i\000z\000z\000a\000z\000i\000o\000n\000e\000\040\000r\000e\000c\000e\000n\000s\000i\000o\000n\000i}{section.3}% 48
\BOOKMARK [3][-]{subsubsection.3.22.1}{\376\377\000U\000C\0002\0001\000.\0001\000\040\000-\000\040\000V\000i\000s\000u\000a\000l\000i\000z\000z\000a\000z\000i\000o\000n\000e\000\040\000i\000n\000f\000o\000r\000m\000a\000z\000i\000o\000n\000i\000\040\000r\000e\000c\000e\000n\000s\000i\000o\000n\000e}{subsection.3.22}% 49
\BOOKMARK [2][-]{subsection.3.23}{\376\377\000U\000C\0002\0002\000\040\000-\000\040\000G\000e\000s\000t\000i\000o\000n\000e\000\040\000f\000e\000e\000d\000b\000a\000c\000k\000\040\000\050\000A\000m\000m\000i\000n\000i\000s\000t\000r\000a\000t\000o\000r\000e\000\051}{section.3}% 50
\BOOKMARK [3][-]{subsubsection.3.23.1}{\376\377\000U\000C\0002\0002\000.\0001\000\040\000-\000\040\000V\000i\000s\000u\000a\000l\000i\000z\000z\000a\000\040\000r\000e\000c\000e\000n\000s\000i\000o\000n\000i}{subsection.3.23}% 51
\BOOKMARK [3][-]{subsubsection.3.23.2}{\376\377\000U\000C\0002\0002\000.\0002\000\040\000-\000\040\000R\000i\000s\000p\000o\000s\000t\000a\000\040\000a\000l\000l\000a\000\040\000r\000e\000c\000e\000n\000s\000i\000o\000n\000e}{subsection.3.23}% 52
\BOOKMARK [2][-]{subsection.3.24}{\376\377\000U\000C\0002\0003\000\040\000-\000\040\000P\000r\000e\000n\000o\000t\000a\000z\000i\000o\000n\000e\000\040\000t\000a\000v\000o\000l\000o}{section.3}% 53
\BOOKMARK [3][-]{subsubsection.3.24.1}{\376\377\000U\000C\0002\0003\000.\0001\000\040\000-\000\040\000I\000n\000s\000e\000r\000i\000m\000e\000n\000t\000o\000\040\000d\000a\000t\000a\000\040\000e\000\040\000o\000r\000a}{subsection.3.24}% 54
\BOOKMARK [3][-]{subsubsection.3.24.2}{\376\377\000U\000C\0002\0003\000.\0002\000\040\000-\000\040\000I\000n\000s\000e\000r\000i\000m\000e\000n\000t\000o\000\040\000n\000u\000m\000e\000r\000o\000\040\000d\000i\000\040\000p\000e\000r\000s\000o\000n\000e}{subsection.3.24}% 55
\BOOKMARK [3][-]{subsubsection.3.24.3}{\376\377\000U\000C\0002\0003\000.\0003\000\040\000-\000\040\000I\000n\000s\000e\000r\000i\000m\000e\000n\000t\000o\000\040\000e\000m\000a\000i\000l\000/\000u\000s\000e\000r\000n\000a\000m\000e\000\040\000d\000i\000\040\000a\000l\000t\000r\000i\000\040\000p\000a\000r\000t\000e\000c\000i\000p\000a\000n\000t\000i}{subsection.3.24}% 56
\BOOKMARK [3][-]{subsubsection.3.24.4}{\376\377\000U\000C\0002\0003\000.\0004\000\040\000-\000\040\000I\000n\000v\000i\000o\000\040\000n\000o\000t\000i\000f\000i\000c\000a\000\040\000a\000l\000l\000'\000a\000m\000m\000i\000n\000i\000s\000t\000r\000a\000t\000o\000r\000e\000\040}{subsection.3.24}% 57
\BOOKMARK [2][-]{subsection.3.25}{\376\377\000U\000C\0002\0004\000\040\000-\000\040\000R\000i\000c\000e\000r\000c\000a\000\040\000r\000i\000s\000t\000o\000r\000a\000n\000t\000e}{section.3}% 58
\BOOKMARK [3][-]{subsubsection.3.25.1}{\376\377\000U\000C\0002\0004\000.\0001\000\040\000-\000\040\000I\000n\000s\000e\000r\000i\000m\000e\000n\000t\000o\000\040\000n\000o\000m\000e\000\040\000r\000i\000s\000t\000o\000r\000a\000n\000t\000e\000\040}{subsection.3.25}% 59
\BOOKMARK [3][-]{subsubsection.3.25.2}{\376\377\000U\000C\0002\0004\000.\0002\000\040\000-\000\040\000I\000n\000s\000e\000r\000i\000m\000e\000n\000t\000o\000\040\000d\000a\000t\000a\000\040\000e\000\040\000l\000u\000o\000g\000o\000\040}{subsection.3.25}% 60
\BOOKMARK [3][-]{subsubsection.3.25.3}{\376\377\000U\000C\0002\0004\000.\0003\000\040\000-\000\040\000I\000n\000s\000e\000r\000i\000m\000e\000n\000t\000o\000\040\000t\000i\000p\000o\000l\000o\000g\000i\000a\000\040\000c\000u\000c\000i\000n\000a\000\040}{subsection.3.25}% 61
\BOOKMARK [3][-]{subsubsection.3.25.4}{\376\377\000U\000C\0002\0004\000.\0004\000\040\000-\000\040\000V\000i\000s\000u\000a\000l\000i\000z\000z\000a\000z\000i\000o\000n\000e\000\040\000l\000i\000s\000t\000a\000\040\000r\000i\000s\000t\000o\000r\000a\000n\000t\000i\000\040}{subsection.3.25}% 62
\BOOKMARK [2][-]{subsection.3.26}{\376\377\000U\000C\0002\0005\000\040\000-\000\040\000M\000o\000d\000i\000f\000i\000c\000a\000\040\000a\000l\000l\000e\000r\000g\000i\000e\000\040\000e\000\040\000i\000n\000t\000o\000l\000l\000e\000r\000a\000n\000z\000e}{section.3}% 63
\BOOKMARK [3][-]{subsubsection.3.26.1}{\376\377\000U\000C\0002\0005\000.\0001\000\040\000-\000\040\000I\000n\000s\000e\000r\000i\000m\000e\000n\000t\000o\000\040\000a\000l\000l\000e\000r\000g\000i\000e}{subsection.3.26}% 64
\BOOKMARK [3][-]{subsubsection.3.26.2}{\376\377\000U\000C\0002\0005\000.\0002\000\040\000-\000\040\000I\000n\000s\000e\000r\000i\000m\000e\000n\000t\000o\000\040\000i\000n\000t\000o\000l\000l\000e\000r\000a\000n\000z\000e}{subsection.3.26}% 65
\BOOKMARK [2][-]{subsection.3.27}{\376\377\000U\000C\0002\0006\000\040\000-\000\040\000M\000o\000d\000i\000f\000i\000c\000a\000\040\000i\000n\000f\000o\000r\000m\000a\000z\000i\000o\000n\000i\000\040\000u\000t\000e\000n\000t\000e}{section.3}% 66
\BOOKMARK [2][-]{subsection.3.28}{\376\377\000U\000C\0002\0007\000\040\000-\000\040\000L\000o\000g\000o\000u\000t}{section.3}% 67
\BOOKMARK [2][-]{subsection.3.29}{\376\377\000U\000C\0002\0008\000\040\000-\000\040\000A\000n\000n\000u\000l\000l\000a\000m\000e\000n\000t\000o\000\040\000d\000e\000l\000l\000'\000o\000r\000d\000i\000n\000a\000z\000i\000o\000n\000e}{section.3}% 68
\BOOKMARK [2][-]{subsection.3.30}{\376\377\000U\000C\0002\0009\000\040\000-\000\040\000V\000i\000s\000u\000a\000l\000i\000z\000z\000a\000z\000i\000o\000n\000e\000\040\000i\000n\000f\000o\000r\000m\000a\000z\000i\000o\000n\000i\000\040\000u\000t\000e\000n\000t\000e}{section.3}% 69
\BOOKMARK [3][-]{subsubsection.3.30.1}{\376\377\000U\000C\0002\0009\000.\0001\000\040\000-\000\040\000V\000i\000s\000u\000a\000l\000i\000z\000z\000a\000z\000i\000o\000n\000e\000\040\000i\000n\000f\000o\000r\000m\000a\000z\000i\000o\000n\000i\000\040\000r\000i\000s\000t\000o\000r\000a\000n\000t\000e}{subsection.3.30}% 70
\BOOKMARK [2][-]{subsection.3.31}{\376\377\000U\000C\0003\0000\000\040\000-\000\040\000C\000h\000a\000t\000\040\000p\000e\000r\000\040\000l\000'\000a\000m\000m\000i\000n\000i\000s\000t\000r\000a\000t\000o\000r\000e}{section.3}% 71
\BOOKMARK [2][-]{subsection.3.32}{\376\377\000U\000C\0003\0001\000\040\000-\000\040\000M\000o\000d\000i\000f\000i\000c\000a\000\040\000m\000e\000n\000u\000'\000\040\000d\000e\000l\000\040\000r\000i\000s\000t\000o\000r\000a\000n\000t\000e}{section.3}% 72
\BOOKMARK [3][-]{subsubsection.3.32.1}{\376\377\000U\000C\0003\0001\000.\0001\000\040\000-\000\040\000I\000n\000s\000e\000r\000i\000m\000e\000n\000t\000o\000\040\000p\000i\000a\000t\000t\000o\000\040\000n\000e\000l\000\040\000m\000e\000n\000u\000'\000\040\000d\000e\000l\000\040\000r\000i\000s\000t\000o\000r\000a\000n\000t\000e}{subsection.3.32}% 73
\BOOKMARK [3][-]{subsubsection.3.32.2}{\376\377\000U\000C\0003\0001\000.\0002\000\040\000-\000\040\000M\000o\000d\000i\000f\000i\000c\000a\000\040\000p\000i\000a\000t\000t\000o\000\040\000d\000e\000l\000\040\000m\000e\000n\000u\000'\000\040\000d\000e\000l\000\040\000r\000i\000s\000t\000o\000r\000a\000n\000t\000e}{subsection.3.32}% 74
\BOOKMARK [3][-]{subsubsection.3.32.3}{\376\377\000U\000C\0003\0001\000.\0003\000\040\000-\000\040\000R\000i\000m\000o\000z\000i\000o\000n\000e\000\040\000p\000i\000a\000t\000t\000o\000\040\000d\000e\000l\000\040\000m\000e\000n\000u\000'\000\040\000d\000e\000l\000\040\000r\000i\000s\000t\000o\000r\000a\000n\000t\000e}{subsection.3.32}% 75
\BOOKMARK [1][-]{section.4}{\376\377\000R\000e\000q\000u\000i\000s\000i\000t\000i}{}% 76
\BOOKMARK [2][-]{subsection.4.1}{\376\377\000T\000e\000r\000m\000i\000n\000o\000l\000o\000g\000i\000a}{section.4}% 77
\BOOKMARK [2][-]{subsection.4.2}{\376\377\000R\000e\000q\000u\000i\000s\000i\000t\000i\000\040\000f\000u\000n\000z\000i\000o\000n\000a\000l\000i}{section.4}% 78
\BOOKMARK [2][-]{subsection.4.3}{\376\377\000T\000r\000a\000c\000c\000i\000a\000m\000e\000n\000t\000o}{section.4}% 79
\BOOKMARK [3][-]{subsubsection.4.3.1}{\376\377\000C\000a\000s\000i\000\040\000d\000'\000u\000s\000o\000\040\000c\000o\000m\000e\000\040\000f\000o\000n\000t\000e}{subsection.4.3}% 80
