\BOOKMARK [1][-]{section.1}{\376\377\000I\000n\000t\000r\000o\000d\000u\000z\000i\000o\000n\000e}{}% 1
\BOOKMARK [1][-]{section.2}{\376\377\000A}{}% 2
\BOOKMARK [2][-]{subsection.2.1}{\376\377\000A\000n\000a\000l\000i\000s\000i\000\040\000D\000e\000i\000\040\000R\000e\000q\000u\000i\000s\000i\000t\000i}{section.2}% 3
\BOOKMARK [2][-]{subsection.2.2}{\376\377\000A\000n\000a\000l\000i\000s\000i\000\040\000D\000e\000i\000\040\000R\000i\000s\000c\000h\000i}{section.2}% 4
\BOOKMARK [2][-]{subsection.2.3}{\376\377\000A\000p\000p\000l\000i\000c\000a\000z\000i\000o\000n\000e\000\040\000W\000e\000b\000\040\000R\000e\000s\000p\000o\000n\000s\000i\000v\000e}{section.2}% 5
\BOOKMARK [2][-]{subsection.2.4}{\376\377\000A\000t\000t\000o\000r\000e}{section.2}% 6
\BOOKMARK [1][-]{section.3}{\376\377\000B}{}% 7
\BOOKMARK [2][-]{subsection.3.1}{\376\377\000B\000r\000a\000n\000c\000h}{section.3}% 8
\BOOKMARK [1][-]{section.4}{\376\377\000C}{}% 9
\BOOKMARK [2][-]{subsection.4.1}{\376\377\000C\000a\000n\000d\000i\000d\000a\000t\000u\000r\000a}{section.4}% 10
\BOOKMARK [2][-]{subsection.4.2}{\376\377\000C\000a\000p\000i\000t\000o\000l\000a\000t\000o}{section.4}% 11
\BOOKMARK [2][-]{subsection.4.3}{\376\377\000C\000a\000s\000o\000\040\000d\000'\000U\000s\000o}{section.4}% 12
\BOOKMARK [2][-]{subsection.4.4}{\376\377\000C\000h\000a\000n\000g\000e\000l\000o\000g}{section.4}% 13
\BOOKMARK [2][-]{subsection.4.5}{\376\377\000C\000o\000d\000i\000f\000i\000c\000a}{section.4}% 14
\BOOKMARK [2][-]{subsection.4.6}{\376\377\000C\000o\000n\000s\000u\000n\000t\000i\000v\000o}{section.4}% 15
\BOOKMARK [2][-]{subsection.4.7}{\376\377\000C\000o\000n\000t\000r\000o\000l\000l\000o\000\040\000d\000i\000\040\000C\000o\000n\000f\000i\000g\000u\000r\000a\000z\000i\000o\000n\000e}{section.4}% 16
\BOOKMARK [1][-]{section.5}{\376\377\000D}{}% 17
\BOOKMARK [2][-]{subsection.5.1}{\376\377\000D\000e\000s\000i\000g\000n}{section.5}% 18
\BOOKMARK [2][-]{subsection.5.2}{\376\377\000D\000i\000a\000g\000r\000a\000m\000m\000a\000\040\000d\000e\000i\000\040\000C\000a\000s\000i\000\040\000d\000'\000U\000s\000o}{section.5}% 19
\BOOKMARK [2][-]{subsection.5.3}{\376\377\000D\000i\000a\000r\000i\000o\000\040\000d\000i\000\040\000B\000o\000r\000d\000o}{section.5}% 20
\BOOKMARK [2][-]{subsection.5.4}{\376\377\000D\000i\000s\000c\000o\000r\000d}{section.5}% 21
\BOOKMARK [2][-]{subsection.5.5}{\376\377\000D\000o\000c\000u\000m\000e\000n\000t\000o\000\040\000E\000s\000t\000e\000r\000n\000o}{section.5}% 22
\BOOKMARK [2][-]{subsection.5.6}{\376\377\000D\000o\000c\000u\000m\000e\000n\000t\000o\000\040\000I\000n\000t\000e\000r\000n\000o}{section.5}% 23
\BOOKMARK [1][-]{section.6}{\376\377\000E}{}% 24
\BOOKMARK [2][-]{subsection.6.1}{\376\377\000E\000a\000s\000y\000\040\000M\000e\000a\000l}{section.6}% 25
\BOOKMARK [2][-]{subsection.6.2}{\376\377\000E\000c\000c\000e\000z\000i\000o\000n\000e}{section.6}% 26
\BOOKMARK [2][-]{subsection.6.3}{\376\377\000E\000d\000i\000t\000o\000r}{section.6}% 27
\BOOKMARK [1][-]{section.7}{\376\377\000F}{}% 28
\BOOKMARK [2][-]{subsection.7.1}{\376\377\000F\000e\000a\000t\000u\000r\000e}{section.7}% 29
\BOOKMARK [2][-]{subsection.7.2}{\376\377\000F\000e\000e\000d\000b\000a\000c\000k}{section.7}% 30
\BOOKMARK [2][-]{subsection.7.3}{\376\377\000F\000o\000r\000n\000i\000t\000u\000r\000a}{section.7}% 31
\BOOKMARK [2][-]{subsection.7.4}{\376\377\000F\000r\000a\000m\000e\000w\000o\000r\000k}{section.7}% 32
\BOOKMARK [2][-]{subsection.7.5}{\376\377\000F\000u\000n\000z\000i\000o\000n\000a\000l\000i\000t\000\341}{section.7}% 33
\BOOKMARK [1][-]{section.8}{\376\377\000G}{}% 34
\BOOKMARK [2][-]{subsection.8.1}{\376\377\000G\000i\000t}{section.8}% 35
\BOOKMARK [2][-]{subsection.8.2}{\376\377\000G\000i\000t\000f\000l\000o\000w}{section.8}% 36
\BOOKMARK [2][-]{subsection.8.3}{\376\377\000G\000i\000t\000h\000u\000b}{section.8}% 37
\BOOKMARK [1][-]{section.9}{\376\377\000H}{}% 38
\BOOKMARK [1][-]{section.10}{\376\377\000I}{}% 39
\BOOKMARK [2][-]{subsection.10.1}{\376\377\000I\000m\000o\000l\000a\000\040\000I\000n\000f\000o\000r\000m\000a\000t\000i\000c\000a}{section.10}% 40
\BOOKMARK [2][-]{subsection.10.2}{\376\377\000I\000n\000f\000r\000a\000s\000t\000r\000u\000t\000t\000u\000r\000a}{section.10}% 41
\BOOKMARK [2][-]{subsection.10.3}{\376\377\000I\000n\000g\000e\000g\000n\000e\000r\000i\000a\000\040\000d\000e\000l\000\040\000s\000o\000f\000t\000w\000a\000r\000e}{section.10}% 42
\BOOKMARK [1][-]{section.11}{\376\377\000J}{}% 43
\BOOKMARK [2][-]{subsection.11.1}{\376\377\000J\000i\000r\000a}{section.11}% 44
\BOOKMARK [1][-]{section.12}{\376\377\000K}{}% 45
\BOOKMARK [1][-]{section.13}{\376\377\000M}{}% 46
\BOOKMARK [2][-]{subsection.13.1}{\376\377\000M\000a\000n\000u\000a\000l\000e\000\040\000U\000t\000e\000n\000t\000e}{section.13}% 47
\BOOKMARK [2][-]{subsection.13.2}{\376\377\000M\000i\000l\000e\000s\000t\000o\000n\000e}{section.13}% 48
\BOOKMARK [1][-]{section.14}{\376\377\000N}{}% 49
\BOOKMARK [2][-]{subsection.14.1}{\376\377\000N\000o\000r\000m\000e\000\040\000d\000i\000\040\000P\000r\000o\000g\000e\000t\000t\000o}{section.14}% 50
\BOOKMARK [1][-]{section.15}{\376\377\000O}{}% 51
\BOOKMARK [2][-]{subsection.15.1}{\376\377\000O\000v\000e\000r\000l\000e\000a\000f}{section.15}% 52
\BOOKMARK [2][-]{subsection.15.2}{\376\377\000O\000r\000d\000i\000n\000a\000z\000i\000o\000n\000e}{section.15}% 53
\BOOKMARK [1][-]{section.16}{\376\377\000P}{}% 54
\BOOKMARK [2][-]{subsection.16.1}{\376\377\000P\000B}{section.16}% 55
\BOOKMARK [2][-]{subsection.16.2}{\376\377\000P\000D\000F}{section.16}% 56
\BOOKMARK [2][-]{subsection.16.3}{\376\377\000P\000i\000a\000n\000o\000\040\000d\000i\000\040\000P\000r\000o\000g\000e\000t\000t\000o}{section.16}% 57
\BOOKMARK [2][-]{subsection.16.4}{\376\377\000P\000i\000a\000n\000o\000\040\000d\000i\000\040\000Q\000u\000a\000l\000i\000f\000i\000c\000a}{section.16}% 58
\BOOKMARK [2][-]{subsection.16.5}{\376\377\000P\000o\000c}{section.16}% 59
\BOOKMARK [2][-]{subsection.16.6}{\376\377\000P\000o\000s\000t\000a\000\040\000e\000l\000e\000t\000t\000r\000o\000n\000i\000c\000a}{section.16}% 60
\BOOKMARK [2][-]{subsection.16.7}{\376\377\000P\000o\000s\000t\000c\000o\000n\000d\000i\000z\000i\000o\000n\000e}{section.16}% 61
\BOOKMARK [2][-]{subsection.16.8}{\376\377\000P\000r\000e\000c\000o\000n\000d\000i\000z\000i\000o\000n\000e}{section.16}% 62
\BOOKMARK [2][-]{subsection.16.9}{\376\377\000P\000r\000e\000n\000o\000t\000a\000z\000i\000o\000n\000e}{section.16}% 63
\BOOKMARK [2][-]{subsection.16.10}{\376\377\000P\000r\000e\000v\000e\000n\000t\000i\000v\000o}{section.16}% 64
\BOOKMARK [2][-]{subsection.16.11}{\376\377\000P\000r\000i\000n\000c\000i\000p\000i\000o\000\040\000d\000i\000\040\000m\000i\000g\000l\000i\000o\000r\000a\000m\000e\000n\000t\000o\000\040\000c\000o\000n\000t\000i\000n\000u\000o}{section.16}% 65
\BOOKMARK [2][-]{subsection.16.12}{\376\377\000P\000r\000o\000c\000e\000s\000s\000o}{section.16}% 66
\BOOKMARK [2][-]{subsection.16.13}{\376\377\000P\000r\000o\000c\000e\000s\000s\000o\000\040\000p\000r\000i\000m\000a\000r\000i\000o}{section.16}% 67
\BOOKMARK [2][-]{subsection.16.14}{\376\377\000P\000r\000o\000c\000e\000s\000s\000o\000\040\000d\000i\000\040\000s\000u\000p\000p\000o\000r\000t\000o}{section.16}% 68
\BOOKMARK [2][-]{subsection.16.15}{\376\377\000P\000r\000o\000c\000e\000s\000s\000o\000\040\000o\000r\000g\000a\000n\000i\000z\000z\000a\000t\000i\000v\000o}{section.16}% 69
\BOOKMARK [2][-]{subsection.16.16}{\376\377\000P\000r\000o\000g\000e\000t\000t\000a\000z\000i\000o\000n\000e\000\040\000a\000r\000c\000h\000i\000t\000e\000t\000t\000u\000r\000a\000l\000e}{section.16}% 70
\BOOKMARK [2][-]{subsection.16.17}{\376\377\000P\000r\000o\000g\000e\000t\000t\000a\000z\000i\000o\000n\000e\000\040\000d\000e\000t\000t\000a\000g\000l\000i\000a\000t\000a}{section.16}% 71
\BOOKMARK [2][-]{subsection.16.18}{\376\377\000P\000u\000s\000h}{section.16}% 72
\BOOKMARK [1][-]{section.17}{\376\377\000Q}{}% 73
\BOOKMARK [2][-]{subsection.17.1}{\376\377\000Q\000u\000a\000l\000i\000t\000\340\000\040\000d\000i\000\040\000p\000r\000o\000c\000e\000s\000s\000o}{section.17}% 74
\BOOKMARK [2][-]{subsection.17.2}{\376\377\000Q\000u\000a\000l\000i\000t\000\340\000\040\000d\000i\000\040\000p\000r\000o\000d\000o\000t\000t\000o}{section.17}% 75
\BOOKMARK [1][-]{section.18}{\376\377\000R}{}% 76
\BOOKMARK [2][-]{subsection.18.1}{\376\377\000R\000A\000M\000T\000A\000S\000T\000I\000C\0006}{section.18}% 77
\BOOKMARK [2][-]{subsection.18.2}{\376\377\000R\000e\000d\000a\000t\000t\000o\000r\000e}{section.18}% 78
\BOOKMARK [2][-]{subsection.18.3}{\376\377\000R\000e\000p\000o\000s\000i\000t\000o\000r\000y}{section.18}% 79
\BOOKMARK [2][-]{subsection.18.4}{\376\377\000R\000e\000q\000u\000i\000s\000i\000t\000o}{section.18}% 80
\BOOKMARK [2][-]{subsection.18.5}{\376\377\000R\000e\000q\000u\000i\000s\000i\000t\000i\000\040\000f\000u\000n\000z\000i\000o\000n\000a\000l\000i\000\040\000d\000e\000s\000i\000d\000e\000r\000a\000b\000i\000l\000i}{section.18}% 81
\BOOKMARK [2][-]{subsection.18.6}{\376\377\000R\000e\000q\000u\000i\000s\000i\000t\000i\000\040\000f\000u\000n\000z\000i\000o\000n\000a\000l\000i\000\040\000o\000b\000b\000l\000i\000g\000a\000t\000o\000r\000i}{section.18}% 82
\BOOKMARK [2][-]{subsection.18.7}{\376\377\000R\000i\000f\000e\000r\000i\000m\000e\000n\000t\000o}{section.18}% 83
\BOOKMARK [2][-]{subsection.18.8}{\376\377\000R\000i\000f\000e\000r\000i\000m\000e\000n\000t\000i\000\040\000n\000o\000r\000m\000a\000t\000i\000v\000i}{section.18}% 84
\BOOKMARK [2][-]{subsection.18.9}{\376\377\000R\000i\000f\000e\000r\000i\000m\000e\000n\000t\000i\000\040\000i\000n\000f\000o\000r\000m\000a\000t\000i\000v\000i}{section.18}% 85
\BOOKMARK [2][-]{subsection.18.10}{\376\377\000R\000i\000l\000a\000s\000c\000i\000o}{section.18}% 86
\BOOKMARK [2][-]{subsection.18.11}{\376\377\000R\000i\000s\000c\000h\000i\000o}{section.18}% 87
\BOOKMARK [2][-]{subsection.18.12}{\376\377\000R\000i\000s\000c\000h\000i\000o\000\040\000o\000r\000g\000a\000n\000i\000z\000z\000a\000t\000i\000v\000o}{section.18}% 88
\BOOKMARK [2][-]{subsection.18.13}{\376\377\000R\000i\000s\000c\000h\000i\000o\000\040\000r\000e\000l\000a\000t\000i\000v\000o\000\040\000a\000l\000\040\000p\000r\000o\000d\000o\000t\000t\000o}{section.18}% 89
\BOOKMARK [2][-]{subsection.18.14}{\376\377\000R\000i\000s\000c\000h\000i\000o\000\040\000t\000e\000c\000n\000o\000l\000o\000g\000i\000c\000o}{section.18}% 90
\BOOKMARK [2][-]{subsection.18.15}{\376\377\000R\000i\000s\000o\000r\000s\000a\000\040\000U\000m\000a\000n\000a}{section.18}% 91
\BOOKMARK [2][-]{subsection.18.16}{\376\377\000R\000T\000B}{section.18}% 92
\BOOKMARK [1][-]{section.19}{\376\377\000S}{}% 93
\BOOKMARK [2][-]{subsection.19.1}{\376\377\000S\000c\000e\000n\000a\000r\000i\000o}{section.19}% 94
\BOOKMARK [2][-]{subsection.19.2}{\376\377\000S\000c\000e\000n\000a\000r\000i\000o\000\040\000p\000r\000i\000n\000c\000i\000p\000a\000l\000e}{section.19}% 95
\BOOKMARK [2][-]{subsection.19.3}{\376\377\000S\000c\000e\000n\000a\000r\000i\000o\000\040\000a\000l\000t\000e\000r\000n\000a\000t\000i\000v\000o}{section.19}% 96
\BOOKMARK [2][-]{subsection.19.4}{\376\377\000S\000c\000r\000u\000m}{section.19}% 97
\BOOKMARK [2][-]{subsection.19.5}{\376\377\000S\000i\000s\000t\000e\000m\000a}{section.19}% 98
\BOOKMARK [2][-]{subsection.19.6}{\376\377\000S\000o\000f\000t\000w\000a\000r\000e}{section.19}% 99
\BOOKMARK [2][-]{subsection.19.7}{\376\377\000S\000o\000t\000t\000o\000c\000a\000s\000o\000\040\000d\000'\000u\000s\000o}{section.19}% 100
\BOOKMARK [2][-]{subsection.19.8}{\376\377\000S\000p\000e\000c\000i\000f\000i\000c\000a\000\040\000t\000e\000c\000n\000i\000c\000a}{section.19}% 101
\BOOKMARK [2][-]{subsection.19.9}{\376\377\000S\000p\000r\000i\000n\000t}{section.19}% 102
\BOOKMARK [2][-]{subsection.19.10}{\376\377\000S\000t\000r\000u\000m\000e\000n\000t\000o}{section.19}% 103
\BOOKMARK [1][-]{section.20}{\376\377\000T}{}% 104
\BOOKMARK [2][-]{subsection.20.1}{\376\377\000T\000e\000c\000n\000o\000l\000o\000g\000i\000a}{section.20}% 105
\BOOKMARK [2][-]{subsection.20.2}{\376\377\000T\000e\000l\000e\000g\000r\000a\000m}{section.20}% 106
\BOOKMARK [2][-]{subsection.20.3}{\376\377\000T\000e\000m\000p\000l\000a\000t\000e}{section.20}% 107
\BOOKMARK [2][-]{subsection.20.4}{\376\377\000T\000e\000s\000t}{section.20}% 108
\BOOKMARK [2][-]{subsection.20.5}{\376\377\000T\000i\000c\000k\000e\000t}{section.20}% 109
\BOOKMARK [2][-]{subsection.20.6}{\376\377\000T\000r\000i\000g\000g\000e\000r}{section.20}% 110
\BOOKMARK [1][-]{section.21}{\376\377\000U}{}% 111
\BOOKMARK [2][-]{subsection.21.1}{\376\377\000U\000M\000L}{section.21}% 112
\BOOKMARK [1][-]{section.22}{\376\377\000V}{}% 113
\BOOKMARK [2][-]{subsection.22.1}{\376\377\000V\000e\000r\000b\000a\000l\000e}{section.22}% 114
\BOOKMARK [2][-]{subsection.22.2}{\376\377\000V\000e\000r\000b\000a\000l\000e\000\040\000e\000s\000t\000e\000r\000n\000o}{section.22}% 115
\BOOKMARK [2][-]{subsection.22.3}{\376\377\000V\000e\000r\000b\000a\000l\000e\000\040\000i\000n\000t\000e\000r\000n\000o}{section.22}% 116
\BOOKMARK [2][-]{subsection.22.4}{\376\377\000V\000e\000r\000s\000i\000o\000n\000a\000m\000e\000n\000t\000o}{section.22}% 117
\BOOKMARK [1][-]{section.23}{\376\377\000W}{}% 118
\BOOKMARK [1][-]{section.24}{\376\377\000X}{}% 119
\BOOKMARK [1][-]{section.25}{\376\377\000Y}{}% 120
\BOOKMARK [1][-]{section.26}{\376\377\000Z}{}% 121
